[27-Sep-2018 15:14:14 UTC] PHP Fatal error:  Uncaught Error: Call to a member function query() on null in C:\Users\leandro\Documents\sindcocoNew\noticias\index.php:46
Stack trace:
#0 {main}
  thrown in C:\Users\leandro\Documents\sindcocoNew\noticias\index.php on line 46
[28-Sep-2018 01:46:07 UTC] PHP Warning:  require(config/conectaBd.php): failed to open stream: No such file or directory in C:\Users\leandro\Documents\sindcocoNew\noticias\index.php on line 36
[28-Sep-2018 01:46:07 UTC] PHP Fatal error:  require(): Failed opening required 'config/conectaBd.php' (include_path='.;C:\php\pear') in C:\Users\leandro\Documents\sindcocoNew\noticias\index.php on line 36
[28-Sep-2018 01:48:00 UTC] PHP Fatal error:  Uncaught Error: Call to undefined function mysql_query() in C:\Users\leandro\Documents\sindcocoNew\noticias\index.php:47
Stack trace:
#0 {main}
  thrown in C:\Users\leandro\Documents\sindcocoNew\noticias\index.php on line 47
[28-Sep-2018 01:48:03 UTC] PHP Fatal error:  Uncaught Error: Call to undefined function mysql_query() in C:\Users\leandro\Documents\sindcocoNew\noticias\index.php:47
Stack trace:
#0 {main}
  thrown in C:\Users\leandro\Documents\sindcocoNew\noticias\index.php on line 47
[28-Sep-2018 01:48:52 UTC] PHP Fatal error:  Uncaught Error: Call to undefined function mysql_fetch_assoc() in C:\Users\leandro\Documents\sindcocoNew\noticias\index.php:49
Stack trace:
#0 {main}
  thrown in C:\Users\leandro\Documents\sindcocoNew\noticias\index.php on line 49
[28-Sep-2018 01:58:42 UTC] PHP Fatal error:  Uncaught Error: Call to undefined function mysql_fetch_assoc() in C:\Users\leandro\Documents\sindcocoNew\noticias\index.php:49
Stack trace:
#0 {main}
  thrown in C:\Users\leandro\Documents\sindcocoNew\noticias\index.php on line 49
[29-Sep-2018 17:25:12 UTC] PHP Parse error:  syntax error, unexpected '<', expecting end of file in C:\Users\leandro\Documents\sindcocoNew\noticias\index.php on line 44
[11-Oct-2018 23:43:55 UTC] PHP Fatal error:  Uncaught PDOException: SQLSTATE[42S02]: Base table or view not found: 1146 Table 'sindcoco.arquivo_noticia' doesn't exist in C:\Users\leandro\Documents\sindcocoNew\noticias\lerMais.php:101
Stack trace:
#0 C:\Users\leandro\Documents\sindcocoNew\noticias\lerMais.php(101): PDOStatement->execute()
#1 {main}
  thrown in C:\Users\leandro\Documents\sindcocoNew\noticias\lerMais.php on line 101
[11-Oct-2018 23:44:05 UTC] PHP Fatal error:  Uncaught PDOException: SQLSTATE[42S02]: Base table or view not found: 1146 Table 'sindcoco.arquivo_noticia' doesn't exist in C:\Users\leandro\Documents\sindcocoNew\noticias\lerMais.php:101
Stack trace:
#0 C:\Users\leandro\Documents\sindcocoNew\noticias\lerMais.php(101): PDOStatement->execute()
#1 {main}
  thrown in C:\Users\leandro\Documents\sindcocoNew\noticias\lerMais.php on line 101
[11-Oct-2018 23:44:10 UTC] PHP Fatal error:  Uncaught PDOException: SQLSTATE[42S02]: Base table or view not found: 1146 Table 'sindcoco.arquivo_noticia' doesn't exist in C:\Users\leandro\Documents\sindcocoNew\noticias\lerMais.php:101
Stack trace:
#0 C:\Users\leandro\Documents\sindcocoNew\noticias\lerMais.php(101): PDOStatement->execute()
#1 {main}
  thrown in C:\Users\leandro\Documents\sindcocoNew\noticias\lerMais.php on line 101
[11-Oct-2018 23:44:17 UTC] PHP Fatal error:  Uncaught PDOException: SQLSTATE[42S02]: Base table or view not found: 1146 Table 'sindcoco.arquivo_noticia' doesn't exist in C:\Users\leandro\Documents\sindcocoNew\noticias\lerMais.php:101
Stack trace:
#0 C:\Users\leandro\Documents\sindcocoNew\noticias\lerMais.php(101): PDOStatement->execute()
#1 {main}
  thrown in C:\Users\leandro\Documents\sindcocoNew\noticias\lerMais.php on line 101
[11-Oct-2018 23:44:34 UTC] PHP Fatal error:  Uncaught PDOException: SQLSTATE[42S02]: Base table or view not found: 1146 Table 'sindcoco.arquivo_noticia' doesn't exist in C:\Users\leandro\Documents\sindcocoNew\noticias\lerMais.php:101
Stack trace:
#0 C:\Users\leandro\Documents\sindcocoNew\noticias\lerMais.php(101): PDOStatement->execute()
#1 {main}
  thrown in C:\Users\leandro\Documents\sindcocoNew\noticias\lerMais.php on line 101
[12-Oct-2018 02:06:47 UTC] PHP Fatal error:  Uncaught PDOException: SQLSTATE[42S02]: Base table or view not found: 1146 Table 'sindcoco.arquivo_noticia' doesn't exist in C:\Users\leandro\Documents\sindcocoNew\noticias\lerMais.php:101
Stack trace:
#0 C:\Users\leandro\Documents\sindcocoNew\noticias\lerMais.php(101): PDOStatement->execute()
#1 {main}
  thrown in C:\Users\leandro\Documents\sindcocoNew\noticias\lerMais.php on line 101
[12-Oct-2018 02:07:18 UTC] PHP Fatal error:  Uncaught PDOException: SQLSTATE[42S02]: Base table or view not found: 1146 Table 'sindcoco.arquivo_noticia' doesn't exist in C:\Users\leandro\Documents\sindcocoNew\noticias\lerMais.php:101
Stack trace:
#0 C:\Users\leandro\Documents\sindcocoNew\noticias\lerMais.php(101): PDOStatement->execute()
#1 {main}
  thrown in C:\Users\leandro\Documents\sindcocoNew\noticias\lerMais.php on line 101
[13-Oct-2018 13:07:56 UTC] PHP Fatal error:  Uncaught PDOException: SQLSTATE[42S02]: Base table or view not found: 1146 Table 'sindcoco.arquivo_noticia' doesn't exist in C:\Users\leandro\Documents\sindcocoNew\noticias\lerMais.php:101
Stack trace:
#0 C:\Users\leandro\Documents\sindcocoNew\noticias\lerMais.php(101): PDOStatement->execute()
#1 {main}
  thrown in C:\Users\leandro\Documents\sindcocoNew\noticias\lerMais.php on line 101
[15-Oct-2018 15:27:41 UTC] PHP Fatal error:  Uncaught PDOException: SQLSTATE[42S02]: Base table or view not found: 1146 Table 'sindcoco.arquivo_noticia' doesn't exist in C:\Users\leandro\Documents\sindcocoNew\noticias\lerMais.php:101
Stack trace:
#0 C:\Users\leandro\Documents\sindcocoNew\noticias\lerMais.php(101): PDOStatement->execute()
#1 {main}
  thrown in C:\Users\leandro\Documents\sindcocoNew\noticias\lerMais.php on line 101
[15-Oct-2018 15:27:48 UTC] PHP Fatal error:  Uncaught PDOException: SQLSTATE[42S02]: Base table or view not found: 1146 Table 'sindcoco.arquivo_noticia' doesn't exist in C:\Users\leandro\Documents\sindcocoNew\noticias\lerMais.php:101
Stack trace:
#0 C:\Users\leandro\Documents\sindcocoNew\noticias\lerMais.php(101): PDOStatement->execute()
#1 {main}
  thrown in C:\Users\leandro\Documents\sindcocoNew\noticias\lerMais.php on line 101
[15-Oct-2018 15:27:59 UTC] PHP Fatal error:  Uncaught PDOException: SQLSTATE[42S02]: Base table or view not found: 1146 Table 'sindcoco.arquivo_noticia' doesn't exist in C:\Users\leandro\Documents\sindcocoNew\noticias\lerMais.php:101
Stack trace:
#0 C:\Users\leandro\Documents\sindcocoNew\noticias\lerMais.php(101): PDOStatement->execute()
#1 {main}
  thrown in C:\Users\leandro\Documents\sindcocoNew\noticias\lerMais.php on line 101
[15-Oct-2018 15:28:04 UTC] PHP Fatal error:  Uncaught PDOException: SQLSTATE[42S02]: Base table or view not found: 1146 Table 'sindcoco.arquivo_noticia' doesn't exist in C:\Users\leandro\Documents\sindcocoNew\noticias\lerMais.php:101
Stack trace:
#0 C:\Users\leandro\Documents\sindcocoNew\noticias\lerMais.php(101): PDOStatement->execute()
#1 {main}
  thrown in C:\Users\leandro\Documents\sindcocoNew\noticias\lerMais.php on line 101
[15-Oct-2018 15:28:16 UTC] PHP Fatal error:  Uncaught PDOException: SQLSTATE[42S02]: Base table or view not found: 1146 Table 'sindcoco.arquivo_noticia' doesn't exist in C:\Users\leandro\Documents\sindcocoNew\noticias\lerMais.php:101
Stack trace:
#0 C:\Users\leandro\Documents\sindcocoNew\noticias\lerMais.php(101): PDOStatement->execute()
#1 {main}
  thrown in C:\Users\leandro\Documents\sindcocoNew\noticias\lerMais.php on line 101
[15-Oct-2018 19:22:43 UTC] PHP Fatal error:  Uncaught PDOException: SQLSTATE[42S02]: Base table or view not found: 1146 Table 'sindcoco.arquivo_noticia' doesn't exist in C:\Users\leandro\Documents\sindcocoNew\noticias\lerMais.php:101
Stack trace:
#0 C:\Users\leandro\Documents\sindcocoNew\noticias\lerMais.php(101): PDOStatement->execute()
#1 {main}
  thrown in C:\Users\leandro\Documents\sindcocoNew\noticias\lerMais.php on line 101
[15-Oct-2018 19:43:39 UTC] PHP Fatal error:  Uncaught PDOException: SQLSTATE[42S02]: Base table or view not found: 1146 Table 'sindcoco.arquivo_noticia' doesn't exist in C:\Users\leandro\Documents\sindcocoNew\noticias\lerMais.php:101
Stack trace:
#0 C:\Users\leandro\Documents\sindcocoNew\noticias\lerMais.php(101): PDOStatement->execute()
#1 {main}
  thrown in C:\Users\leandro\Documents\sindcocoNew\noticias\lerMais.php on line 101
[15-Oct-2018 19:44:02 UTC] PHP Fatal error:  Uncaught PDOException: SQLSTATE[42S02]: Base table or view not found: 1146 Table 'sindcoco.arquivo_noticia' doesn't exist in C:\Users\leandro\Documents\sindcocoNew\noticias\lerMais.php:268
Stack trace:
#0 C:\Users\leandro\Documents\sindcocoNew\noticias\lerMais.php(268): PDOStatement->execute()
#1 {main}
  thrown in C:\Users\leandro\Documents\sindcocoNew\noticias\lerMais.php on line 268
[15-Oct-2018 19:45:43 UTC] PHP Fatal error:  Uncaught PDOException: SQLSTATE[42S02]: Base table or view not found: 1146 Table 'sindcoco.arquivo_noticia' doesn't exist in C:\Users\leandro\Documents\sindcocoNew\noticias\lerMais.php:221
Stack trace:
#0 C:\Users\leandro\Documents\sindcocoNew\noticias\lerMais.php(221): PDOStatement->execute()
#1 {main}
  thrown in C:\Users\leandro\Documents\sindcocoNew\noticias\lerMais.php on line 221
[15-Oct-2018 19:46:26 UTC] PHP Fatal error:  Uncaught PDOException: SQLSTATE[42S02]: Base table or view not found: 1146 Table 'sindcoco.arquivo_noticia' doesn't exist in C:\Users\leandro\Documents\sindcocoNew\noticias\lerMais.php:159
Stack trace:
#0 C:\Users\leandro\Documents\sindcocoNew\noticias\lerMais.php(159): PDOStatement->execute()
#1 {main}
  thrown in C:\Users\leandro\Documents\sindcocoNew\noticias\lerMais.php on line 159
[15-Oct-2018 19:47:49 UTC] PHP Fatal error:  Uncaught PDOException: SQLSTATE[42S02]: Base table or view not found: 1146 Table 'sindcoco.arquivo_noticia' doesn't exist in C:\Users\leandro\Documents\sindcocoNew\noticias\lerMais.php:144
Stack trace:
#0 C:\Users\leandro\Documents\sindcocoNew\noticias\lerMais.php(144): PDOStatement->execute()
#1 {main}
  thrown in C:\Users\leandro\Documents\sindcocoNew\noticias\lerMais.php on line 144
[15-Oct-2018 19:49:19 UTC] PHP Fatal error:  Uncaught PDOException: SQLSTATE[42S02]: Base table or view not found: 1146 Table 'sindcoco.arquivo_noticia' doesn't exist in C:\Users\leandro\Documents\sindcocoNew\noticias\lerMais.php:147
Stack trace:
#0 C:\Users\leandro\Documents\sindcocoNew\noticias\lerMais.php(147): PDOStatement->execute()
#1 {main}
  thrown in C:\Users\leandro\Documents\sindcocoNew\noticias\lerMais.php on line 147
[15-Oct-2018 19:49:20 UTC] PHP Fatal error:  Uncaught PDOException: SQLSTATE[42S02]: Base table or view not found: 1146 Table 'sindcoco.arquivo_noticia' doesn't exist in C:\Users\leandro\Documents\sindcocoNew\noticias\lerMais.php:147
Stack trace:
#0 C:\Users\leandro\Documents\sindcocoNew\noticias\lerMais.php(147): PDOStatement->execute()
#1 {main}
  thrown in C:\Users\leandro\Documents\sindcocoNew\noticias\lerMais.php on line 147
[15-Oct-2018 19:49:44 UTC] PHP Fatal error:  Uncaught PDOException: SQLSTATE[42S02]: Base table or view not found: 1146 Table 'sindcoco.arquivo_noticia' doesn't exist in C:\Users\leandro\Documents\sindcocoNew\noticias\lerMais.php:147
Stack trace:
#0 C:\Users\leandro\Documents\sindcocoNew\noticias\lerMais.php(147): PDOStatement->execute()
#1 {main}
  thrown in C:\Users\leandro\Documents\sindcocoNew\noticias\lerMais.php on line 147
[15-Oct-2018 19:49:46 UTC] PHP Fatal error:  Uncaught PDOException: SQLSTATE[42S02]: Base table or view not found: 1146 Table 'sindcoco.arquivo_noticia' doesn't exist in C:\Users\leandro\Documents\sindcocoNew\noticias\lerMais.php:147
Stack trace:
#0 C:\Users\leandro\Documents\sindcocoNew\noticias\lerMais.php(147): PDOStatement->execute()
#1 {main}
  thrown in C:\Users\leandro\Documents\sindcocoNew\noticias\lerMais.php on line 147
[15-Oct-2018 19:50:39 UTC] PHP Fatal error:  Uncaught PDOException: SQLSTATE[42S02]: Base table or view not found: 1146 Table 'sindcoco.arquivo_noticia' doesn't exist in C:\Users\leandro\Documents\sindcocoNew\noticias\lerMais.php:147
Stack trace:
#0 C:\Users\leandro\Documents\sindcocoNew\noticias\lerMais.php(147): PDOStatement->execute()
#1 {main}
  thrown in C:\Users\leandro\Documents\sindcocoNew\noticias\lerMais.php on line 147
[15-Oct-2018 19:50:41 UTC] PHP Fatal error:  Uncaught PDOException: SQLSTATE[42S02]: Base table or view not found: 1146 Table 'sindcoco.arquivo_noticia' doesn't exist in C:\Users\leandro\Documents\sindcocoNew\noticias\lerMais.php:147
Stack trace:
#0 C:\Users\leandro\Documents\sindcocoNew\noticias\lerMais.php(147): PDOStatement->execute()
#1 {main}
  thrown in C:\Users\leandro\Documents\sindcocoNew\noticias\lerMais.php on line 147
[15-Oct-2018 19:52:25 UTC] PHP Fatal error:  Uncaught PDOException: SQLSTATE[42S02]: Base table or view not found: 1146 Table 'sindcoco.arquivo_noticia' doesn't exist in C:\Users\leandro\Documents\sindcocoNew\noticias\lerMais.php:147
Stack trace:
#0 C:\Users\leandro\Documents\sindcocoNew\noticias\lerMais.php(147): PDOStatement->execute()
#1 {main}
  thrown in C:\Users\leandro\Documents\sindcocoNew\noticias\lerMais.php on line 147
[15-Oct-2018 19:52:27 UTC] PHP Fatal error:  Uncaught PDOException: SQLSTATE[42S02]: Base table or view not found: 1146 Table 'sindcoco.arquivo_noticia' doesn't exist in C:\Users\leandro\Documents\sindcocoNew\noticias\lerMais.php:147
Stack trace:
#0 C:\Users\leandro\Documents\sindcocoNew\noticias\lerMais.php(147): PDOStatement->execute()
#1 {main}
  thrown in C:\Users\leandro\Documents\sindcocoNew\noticias\lerMais.php on line 147
[15-Oct-2018 19:52:31 UTC] PHP Fatal error:  Uncaught PDOException: SQLSTATE[42S02]: Base table or view not found: 1146 Table 'sindcoco.arquivo_noticia' doesn't exist in C:\Users\leandro\Documents\sindcocoNew\noticias\lerMais.php:221
Stack trace:
#0 C:\Users\leandro\Documents\sindcocoNew\noticias\lerMais.php(221): PDOStatement->execute()
#1 {main}
  thrown in C:\Users\leandro\Documents\sindcocoNew\noticias\lerMais.php on line 221
[15-Oct-2018 19:53:06 UTC] PHP Fatal error:  Uncaught PDOException: SQLSTATE[42S02]: Base table or view not found: 1146 Table 'sindcoco.arquivo_noticia' doesn't exist in C:\Users\leandro\Documents\sindcocoNew\noticias\lerMais.php:221
Stack trace:
#0 C:\Users\leandro\Documents\sindcocoNew\noticias\lerMais.php(221): PDOStatement->execute()
#1 {main}
  thrown in C:\Users\leandro\Documents\sindcocoNew\noticias\lerMais.php on line 221
[15-Oct-2018 19:53:46 UTC] PHP Fatal error:  Uncaught PDOException: SQLSTATE[42S02]: Base table or view not found: 1146 Table 'sindcoco.arquivo_noticia' doesn't exist in C:\Users\leandro\Documents\sindcocoNew\noticias\lerMais.php:221
Stack trace:
#0 C:\Users\leandro\Documents\sindcocoNew\noticias\lerMais.php(221): PDOStatement->execute()
#1 {main}
  thrown in C:\Users\leandro\Documents\sindcocoNew\noticias\lerMais.php on line 221
[15-Oct-2018 19:54:54 UTC] PHP Fatal error:  Uncaught PDOException: SQLSTATE[42S02]: Base table or view not found: 1146 Table 'sindcoco.arquivo_noticia' doesn't exist in C:\Users\leandro\Documents\sindcocoNew\noticias\lerMais.php:215
Stack trace:
#0 C:\Users\leandro\Documents\sindcocoNew\noticias\lerMais.php(215): PDOStatement->execute()
#1 {main}
  thrown in C:\Users\leandro\Documents\sindcocoNew\noticias\lerMais.php on line 215
[15-Oct-2018 19:59:16 UTC] PHP Fatal error:  Uncaught PDOException: SQLSTATE[42S02]: Base table or view not found: 1146 Table 'sindcoco.arquivo_noticia' doesn't exist in C:\Users\leandro\Documents\sindcocoNew\noticias\lerMais.php:231
Stack trace:
#0 C:\Users\leandro\Documents\sindcocoNew\noticias\lerMais.php(231): PDOStatement->execute()
#1 {main}
  thrown in C:\Users\leandro\Documents\sindcocoNew\noticias\lerMais.php on line 231
[15-Oct-2018 20:00:03 UTC] PHP Fatal error:  Uncaught PDOException: SQLSTATE[42S02]: Base table or view not found: 1146 Table 'sindcoco.arquivo_noticia' doesn't exist in C:\Users\leandro\Documents\sindcocoNew\noticias\lerMais.php:231
Stack trace:
#0 C:\Users\leandro\Documents\sindcocoNew\noticias\lerMais.php(231): PDOStatement->execute()
#1 {main}
  thrown in C:\Users\leandro\Documents\sindcocoNew\noticias\lerMais.php on line 231
[15-Oct-2018 20:00:28 UTC] PHP Fatal error:  Uncaught PDOException: SQLSTATE[42S02]: Base table or view not found: 1146 Table 'sindcoco.arquivo_noticia' doesn't exist in C:\Users\leandro\Documents\sindcocoNew\noticias\lerMais.php:231
Stack trace:
#0 C:\Users\leandro\Documents\sindcocoNew\noticias\lerMais.php(231): PDOStatement->execute()
#1 {main}
  thrown in C:\Users\leandro\Documents\sindcocoNew\noticias\lerMais.php on line 231
[15-Oct-2018 20:02:10 UTC] PHP Fatal error:  Uncaught PDOException: SQLSTATE[42S02]: Base table or view not found: 1146 Table 'sindcoco.arquivo_noticia' doesn't exist in C:\Users\leandro\Documents\sindcocoNew\noticias\lerMais.php:239
Stack trace:
#0 C:\Users\leandro\Documents\sindcocoNew\noticias\lerMais.php(239): PDOStatement->execute()
#1 {main}
  thrown in C:\Users\leandro\Documents\sindcocoNew\noticias\lerMais.php on line 239
[15-Oct-2018 20:02:27 UTC] PHP Fatal error:  Uncaught PDOException: SQLSTATE[42S02]: Base table or view not found: 1146 Table 'sindcoco.arquivo_noticia' doesn't exist in C:\Users\leandro\Documents\sindcocoNew\noticias\lerMais.php:239
Stack trace:
#0 C:\Users\leandro\Documents\sindcocoNew\noticias\lerMais.php(239): PDOStatement->execute()
#1 {main}
  thrown in C:\Users\leandro\Documents\sindcocoNew\noticias\lerMais.php on line 239
[15-Oct-2018 20:02:51 UTC] PHP Fatal error:  Uncaught PDOException: SQLSTATE[42S02]: Base table or view not found: 1146 Table 'sindcoco.arquivo_noticia' doesn't exist in C:\Users\leandro\Documents\sindcocoNew\noticias\lerMais.php:239
Stack trace:
#0 C:\Users\leandro\Documents\sindcocoNew\noticias\lerMais.php(239): PDOStatement->execute()
#1 {main}
  thrown in C:\Users\leandro\Documents\sindcocoNew\noticias\lerMais.php on line 239
[15-Oct-2018 20:03:01 UTC] PHP Fatal error:  Uncaught PDOException: SQLSTATE[42S02]: Base table or view not found: 1146 Table 'sindcoco.arquivo_noticia' doesn't exist in C:\Users\leandro\Documents\sindcocoNew\noticias\lerMais.php:239
Stack trace:
#0 C:\Users\leandro\Documents\sindcocoNew\noticias\lerMais.php(239): PDOStatement->execute()
#1 {main}
  thrown in C:\Users\leandro\Documents\sindcocoNew\noticias\lerMais.php on line 239
[15-Oct-2018 20:03:07 UTC] PHP Fatal error:  Uncaught PDOException: SQLSTATE[42S02]: Base table or view not found: 1146 Table 'sindcoco.arquivo_noticia' doesn't exist in C:\Users\leandro\Documents\sindcocoNew\noticias\lerMais.php:239
Stack trace:
#0 C:\Users\leandro\Documents\sindcocoNew\noticias\lerMais.php(239): PDOStatement->execute()
#1 {main}
  thrown in C:\Users\leandro\Documents\sindcocoNew\noticias\lerMais.php on line 239
[15-Oct-2018 20:04:40 UTC] PHP Fatal error:  Uncaught PDOException: SQLSTATE[42S02]: Base table or view not found: 1146 Table 'sindcoco.arquivo_noticia' doesn't exist in C:\Users\leandro\Documents\sindcocoNew\noticias\lerMais.php:240
Stack trace:
#0 C:\Users\leandro\Documents\sindcocoNew\noticias\lerMais.php(240): PDOStatement->execute()
#1 {main}
  thrown in C:\Users\leandro\Documents\sindcocoNew\noticias\lerMais.php on line 240
[15-Oct-2018 20:05:11 UTC] PHP Fatal error:  Uncaught PDOException: SQLSTATE[42S02]: Base table or view not found: 1146 Table 'sindcoco.arquivo_noticia' doesn't exist in C:\Users\leandro\Documents\sindcocoNew\noticias\lerMais.php:240
Stack trace:
#0 C:\Users\leandro\Documents\sindcocoNew\noticias\lerMais.php(240): PDOStatement->execute()
#1 {main}
  thrown in C:\Users\leandro\Documents\sindcocoNew\noticias\lerMais.php on line 240
[15-Oct-2018 20:07:54 UTC] PHP Fatal error:  Uncaught PDOException: SQLSTATE[42S02]: Base table or view not found: 1146 Table 'sindcoco.arquivo_noticia' doesn't exist in C:\Users\leandro\Documents\sindcocoNew\noticias\lerMais.php:240
Stack trace:
#0 C:\Users\leandro\Documents\sindcocoNew\noticias\lerMais.php(240): PDOStatement->execute()
#1 {main}
  thrown in C:\Users\leandro\Documents\sindcocoNew\noticias\lerMais.php on line 240
[16-Oct-2018 19:19:59 UTC] PHP Fatal error:  Uncaught PDOException: SQLSTATE[42S02]: Base table or view not found: 1146 Table 'sindcoco.arquivo_noticia' doesn't exist in C:\Users\leandro\Documents\sindcocoNew\noticias\lerMais.php:240
Stack trace:
#0 C:\Users\leandro\Documents\sindcocoNew\noticias\lerMais.php(240): PDOStatement->execute()
#1 {main}
  thrown in C:\Users\leandro\Documents\sindcocoNew\noticias\lerMais.php on line 240
[16-Oct-2018 20:26:33 UTC] PHP Fatal error:  Uncaught PDOException: SQLSTATE[42S02]: Base table or view not found: 1146 Table 'sindcoco.arquivo_noticia' doesn't exist in C:\Users\leandro\Documents\sindcocoNew\noticias\lerMais.php:240
Stack trace:
#0 C:\Users\leandro\Documents\sindcocoNew\noticias\lerMais.php(240): PDOStatement->execute()
#1 {main}
  thrown in C:\Users\leandro\Documents\sindcocoNew\noticias\lerMais.php on line 240
[16-Oct-2018 20:26:56 UTC] PHP Fatal error:  Uncaught PDOException: SQLSTATE[42S02]: Base table or view not found: 1146 Table 'sindcoco.arquivo_noticia' doesn't exist in C:\Users\leandro\Documents\sindcocoNew\noticias\lerMais.php:240
Stack trace:
#0 C:\Users\leandro\Documents\sindcocoNew\noticias\lerMais.php(240): PDOStatement->execute()
#1 {main}
  thrown in C:\Users\leandro\Documents\sindcocoNew\noticias\lerMais.php on line 240
[16-Oct-2018 20:41:41 UTC] PHP Fatal error:  Uncaught PDOException: SQLSTATE[42S02]: Base table or view not found: 1146 Table 'sindcoco.arquivo_noticia' doesn't exist in C:\Users\leandro\Documents\sindcocoNew\noticias\lerMais.php:240
Stack trace:
#0 C:\Users\leandro\Documents\sindcocoNew\noticias\lerMais.php(240): PDOStatement->execute()
#1 {main}
  thrown in C:\Users\leandro\Documents\sindcocoNew\noticias\lerMais.php on line 240
[16-Oct-2018 20:41:44 UTC] PHP Fatal error:  Uncaught PDOException: SQLSTATE[42S02]: Base table or view not found: 1146 Table 'sindcoco.arquivo_noticia' doesn't exist in C:\Users\leandro\Documents\sindcocoNew\noticias\lerMais.php:240
Stack trace:
#0 C:\Users\leandro\Documents\sindcocoNew\noticias\lerMais.php(240): PDOStatement->execute()
#1 {main}
  thrown in C:\Users\leandro\Documents\sindcocoNew\noticias\lerMais.php on line 240
[16-Oct-2018 20:41:47 UTC] PHP Fatal error:  Uncaught PDOException: SQLSTATE[42S02]: Base table or view not found: 1146 Table 'sindcoco.arquivo_noticia' doesn't exist in C:\Users\leandro\Documents\sindcocoNew\noticias\lerMais.php:240
Stack trace:
#0 C:\Users\leandro\Documents\sindcocoNew\noticias\lerMais.php(240): PDOStatement->execute()
#1 {main}
  thrown in C:\Users\leandro\Documents\sindcocoNew\noticias\lerMais.php on line 240
[16-Oct-2018 21:04:46 UTC] PHP Fatal error:  Uncaught PDOException: SQLSTATE[42S02]: Base table or view not found: 1146 Table 'sindcoco.arquivo_noticia' doesn't exist in C:\Users\leandro\Documents\sindcocoNew\noticias\lerMais.php:240
Stack trace:
#0 C:\Users\leandro\Documents\sindcocoNew\noticias\lerMais.php(240): PDOStatement->execute()
#1 {main}
  thrown in C:\Users\leandro\Documents\sindcocoNew\noticias\lerMais.php on line 240
[21-Oct-2018 17:29:58 UTC] PHP Parse error:  syntax error, unexpected end of file in C:\Users\leandro\Documents\sindcocoNew\noticias\informativos.php on line 135
[21-Oct-2018 17:44:08 UTC] PHP Parse error:  syntax error, unexpected '<' in C:\Users\leandro\Documents\sindcocoNew\noticias\informativos.php on line 71
[21-Oct-2018 17:44:15 UTC] PHP Parse error:  syntax error, unexpected '<' in C:\Users\leandro\Documents\sindcocoNew\noticias\informativos.php on line 71
[21-Oct-2018 17:44:17 UTC] PHP Parse error:  syntax error, unexpected '<' in C:\Users\leandro\Documents\sindcocoNew\noticias\informativos.php on line 71
[21-Oct-2018 17:44:17 UTC] PHP Parse error:  syntax error, unexpected '<' in C:\Users\leandro\Documents\sindcocoNew\noticias\informativos.php on line 71
[24-Oct-2018 03:10:59 UTC] PHP Fatal error:  Uncaught Error: Call to a member function query() on null in C:\Users\lucas\sindcoco\noticias\teste.php:56
Stack trace:
#0 {main}
  thrown in C:\Users\lucas\sindcoco\noticias\teste.php on line 56
[24-Oct-2018 03:11:13 UTC] PHP Fatal error:  Uncaught Error: Call to a member function query() on null in C:\Users\lucas\sindcoco\noticias\teste.php:56
Stack trace:
#0 {main}
  thrown in C:\Users\lucas\sindcoco\noticias\teste.php on line 56
[24-Oct-2018 03:11:15 UTC] PHP Fatal error:  Uncaught Error: Call to a member function query() on null in C:\Users\lucas\sindcoco\noticias\teste.php:56
Stack trace:
#0 {main}
  thrown in C:\Users\lucas\sindcoco\noticias\teste.php on line 56
[24-Oct-2018 04:54:06 UTC] PHP Fatal error:  Uncaught Error: Call to a member function query() on null in C:\Users\lucas\sindcoco\noticias\teste.php:56
Stack trace:
#0 {main}
  thrown in C:\Users\lucas\sindcoco\noticias\teste.php on line 56
[24-Oct-2018 21:22:34 UTC] PHP Fatal error:  Uncaught Error: Call to a member function query() on null in C:\Users\lucas\sindcoco\noticias\teste.php:56
Stack trace:
#0 {main}
  thrown in C:\Users\lucas\sindcoco\noticias\teste.php on line 56
[24-Oct-2018 21:22:51 UTC] PHP Fatal error:  Uncaught Error: Call to a member function query() on null in C:\Users\lucas\sindcoco\noticias\teste.php:56
Stack trace:
#0 {main}
  thrown in C:\Users\lucas\sindcoco\noticias\teste.php on line 56
